TN:
SF:server.js
FN:13,(anonymous_0)
FNF:1
FNH:1
FNDA:3,(anonymous_0)
DA:1,3
DA:3,3
DA:4,3
DA:5,3
DA:6,3
DA:8,3
DA:9,3
DA:10,3
DA:12,3
DA:13,3
DA:14,3
LF:11
LH:11
BRDA:12,0,0,3
BRDA:12,0,1,2
BRF:2
BRH:2
end_of_record
TN:
SF:routes/creditCheck.js
FN:12,(anonymous_0)
FNF:1
FNH:1
FNDA:11,(anonymous_0)
DA:1,2
DA:2,2
DA:3,2
DA:4,2
DA:6,2
DA:8,2
DA:9,2
DA:10,2
DA:12,2
DA:13,11
DA:16,11
DA:17,11
DA:18,11
DA:23,11
DA:24,2
DA:29,9
DA:30,1
DA:35,8
DA:36,1
DA:42,7
DA:49,11
DA:59,11
DA:62,2
LF:23
LH:23
BRDA:6,0,0,2
BRDA:6,0,1,0
BRDA:16,1,0,11
BRDA:16,1,1,8
BRDA:17,2,0,11
BRDA:17,2,1,8
BRDA:18,3,0,11
BRDA:18,3,1,8
BRDA:23,4,0,2
BRDA:23,4,1,9
BRDA:29,5,0,1
BRDA:29,5,1,8
BRDA:35,6,0,1
BRDA:35,6,1,7
BRDA:53,7,0,2
BRDA:53,7,1,9
BRDA:54,8,0,1
BRDA:54,8,1,8
BRDA:55,9,0,1
BRDA:55,9,1,7
BRF:20
BRH:19
end_of_record
TN:
SF:routes/userRoutes.js
FN:10,(anonymous_0)
FN:12,(anonymous_1)
FNF:2
FNH:2
FNDA:9,(anonymous_0)
FNDA:15,(anonymous_1)
DA:1,2
DA:2,2
DA:3,2
DA:4,2
DA:6,2
DA:7,2
DA:8,2
DA:10,2
DA:11,9
DA:12,15
DA:14,9
DA:15,4
DA:17,5
DA:21,2
LF:14
LH:14
BRDA:14,0,0,4
BRDA:14,0,1,5
BRF:2
BRH:2
end_of_record
